2026-04-09T21:17:45.952-05:00  INFO 16904 --- [restartedMain] c.e.p.PqrsdfelyonyirehbackendApplication : Starting PqrsdfelyonyirehbackendApplication using Java 17.0.13 with PID 16904 (C:\Users\Sistemas-Cesar\Desktop\ProyectoPQRSDF\pqrsdfElyonYirehBackend\target\classes started by Sistemas-Cesar in C:\Users\Sistemas-Cesar\Desktop\ProyectoPQRSDF\pqrsdfElyonYirehBackend)
2026-04-09T21:17:45.962-05:00 DEBUG 16904 --- [restartedMain] c.e.p.PqrsdfelyonyirehbackendApplication : Running with Spring Boot v4.0.3, Spring v7.0.5
2026-04-09T21:17:45.963-05:00  INFO 16904 --- [restartedMain] c.e.p.PqrsdfelyonyirehbackendApplication : No active profile set, falling back to 1 default profile: "default"
2026-04-09T21:17:46.054-05:00  INFO 16904 --- [restartedMain] .e.DevToolsPropertyDefaultsPostProcessor : Devtools property defaults active! Set 'spring.devtools.add-properties' to 'false' to disable
2026-04-09T21:17:46.054-05:00  INFO 16904 --- [restartedMain] .e.DevToolsPropertyDefaultsPostProcessor : For additional web related logging consider setting the 'logging.level.web' property to 'DEBUG'
2026-04-09T21:17:47.506-05:00  INFO 16904 --- [restartedMain] .s.d.r.c.RepositoryConfigurationDelegate : Bootstrapping Spring Data JPA repositories in DEFAULT mode.
2026-04-09T21:17:47.651-05:00  INFO 16904 --- [restartedMain] .s.d.r.c.RepositoryConfigurationDelegate : Finished Spring Data repository scanning in 128 ms. Found 6 JPA repository interfaces.
2026-04-09T21:17:48.907-05:00  INFO 16904 --- [restartedMain] o.s.boot.tomcat.TomcatWebServer          : Tomcat initialized with port 8080 (http)
2026-04-09T21:17:48.927-05:00  INFO 16904 --- [restartedMain] o.apache.catalina.core.StandardService   : Starting service [Tomcat]
2026-04-09T21:17:48.927-05:00  INFO 16904 --- [restartedMain] o.apache.catalina.core.StandardEngine    : Starting Servlet engine: [Apache Tomcat/11.0.18]
2026-04-09T21:17:49.022-05:00  INFO 16904 --- [restartedMain] b.w.c.s.WebApplicationContextInitializer : Root WebApplicationContext: initialization completed in 2967 ms
2026-04-09T21:17:49.284-05:00  INFO 16904 --- [restartedMain] org.hibernate.orm.jpa                    : HHH008540: Processing PersistenceUnitInfo [name: default]
2026-04-09T21:17:49.442-05:00  INFO 16904 --- [restartedMain] org.hibernate.orm.core                   : HHH000001: Hibernate ORM core version 7.2.4.Final
2026-04-09T21:17:50.373-05:00  INFO 16904 --- [restartedMain] o.s.o.j.p.SpringPersistenceUnitInfo      : No LoadTimeWeaver setup: ignoring JPA class transformer
2026-04-09T21:17:50.436-05:00  INFO 16904 --- [restartedMain] com.zaxxer.hikari.HikariDataSource       : HikariPool-1 - Starting...
2026-04-09T21:17:51.265-05:00  INFO 16904 --- [restartedMain] com.zaxxer.hikari.pool.HikariPool        : HikariPool-1 - Added connection org.postgresql.jdbc.PgConnection@25f77f20
2026-04-09T21:17:51.268-05:00  INFO 16904 --- [restartedMain] com.zaxxer.hikari.HikariDataSource       : HikariPool-1 - Start completed.
2026-04-09T21:17:51.415-05:00  WARN 16904 --- [restartedMain] org.hibernate.orm.deprecation            : HHH90000025: PostgreSQLDialect does not need to be specified explicitly using 'hibernate.dialect' (remove the property setting and it will be selected by default)
2026-04-09T21:17:51.837-05:00  INFO 16904 --- [restartedMain] org.hibernate.orm.connections.pooling    : HHH10001005: Database info:
	Database JDBC URL [jdbc:postgresql://aws-1-us-east-1.pooler.supabase.com:6543/postgres?sslmode=disable&prepareThreshold=0]
	Database driver: PostgreSQL JDBC Driver
	Database dialect: PostgreSQLDialect
	Database version: 17.6
	Default catalog/schema: postgres/public
	Autocommit mode: undefined/unknown
	Isolation level: READ_COMMITTED [default READ_COMMITTED]
	JDBC fetch size: none
	Pool: DataSourceConnectionProvider
	Minimum pool size: undefined/unknown
	Maximum pool size: undefined/unknown
2026-04-09T21:17:53.986-05:00  INFO 16904 --- [restartedMain] org.hibernate.orm.core                   : HHH000489: No JTA platform available (set 'hibernate.transaction.jta.platform' to enable JTA platform integration)
2026-04-09T21:17:54.752-05:00  INFO 16904 --- [restartedMain] j.LocalContainerEntityManagerFactoryBean : Initialized JPA EntityManagerFactory for persistence unit 'default'
2026-04-09T21:17:54.894-05:00  INFO 16904 --- [restartedMain] o.s.d.j.r.query.QueryEnhancerFactories   : Hibernate is in classpath; If applicable, HQL parser will be used.
2026-04-09T21:17:55.262-05:00 DEBUG 16904 --- [restartedMain] c.e.p.config.JwtAuthFilter               : Filter 'jwtAuthFilter' configured for use
2026-04-09T21:17:55.455-05:00  INFO 16904 --- [restartedMain] r$InitializeUserDetailsManagerConfigurer : Global AuthenticationManager configured with UserDetailsService bean with name customUserDetailsService
2026-04-09T21:17:55.850-05:00  WARN 16904 --- [restartedMain] JpaBaseConfiguration$JpaWebConfiguration : spring.jpa.open-in-view is enabled by default. Therefore, database queries may be performed during view rendering. Explicitly configure spring.jpa.open-in-view to disable this warning
2026-04-09T21:17:56.930-05:00  INFO 16904 --- [restartedMain] o.s.boot.tomcat.TomcatWebServer          : Tomcat started on port 8080 (http) with context path '/'
2026-04-09T21:17:56.944-05:00  INFO 16904 --- [restartedMain] c.e.p.PqrsdfelyonyirehbackendApplication : Started PqrsdfelyonyirehbackendApplication in 11.935 seconds (process running for 13.651)
